f:\c++\dormitorymanager\dormitorymanager\x64\debug\dormitorymanager.pch
f:\c++\dormitorymanager\dormitorymanager\x64\debug\vc143.pdb
f:\c++\dormitorymanager\dormitorymanager\x64\debug\vc143.idb
f:\c++\dormitorymanager\dormitorymanager\x64\debug\pch.obj
f:\c++\dormitorymanager\dormitorymanager\x64\debug\student_login.obj
f:\c++\dormitorymanager\dormitorymanager\x64\debug\student_info.obj
f:\c++\dormitorymanager\dormitorymanager\x64\debug\studentmodifypassworddlg.obj
f:\c++\dormitorymanager\dormitorymanager\x64\debug\studentdlg.obj
f:\c++\dormitorymanager\dormitorymanager\x64\debug\sqlinterface.obj
f:\c++\dormitorymanager\dormitorymanager\x64\debug\reportrepairdlg.obj
f:\c++\dormitorymanager\dormitorymanager\x64\debug\repair_info.obj
f:\c++\dormitorymanager\dormitorymanager\x64\debug\querystudentinfodlg.obj
f:\c++\dormitorymanager\dormitorymanager\x64\debug\modifypassworddlg.obj
f:\c++\dormitorymanager\dormitorymanager\x64\debug\managestudentinfodlg.obj
f:\c++\dormitorymanager\dormitorymanager\x64\debug\managestudentaccountdlg.obj
f:\c++\dormitorymanager\dormitorymanager\x64\debug\managerdlg.obj
f:\c++\dormitorymanager\dormitorymanager\x64\debug\live_login.obj
f:\c++\dormitorymanager\dormitorymanager\x64\debug\handlerepairinfodlg.obj
f:\c++\dormitorymanager\dormitorymanager\x64\debug\errordialog.obj
f:\c++\dormitorymanager\dormitorymanager\x64\debug\dorm_master.obj
f:\c++\dormitorymanager\dormitorymanager\x64\debug\dormmemberdlg.obj
f:\c++\dormitorymanager\dormitorymanager\x64\debug\dormitorymanagerdlg.obj
f:\c++\dormitorymanager\dormitorymanager\x64\debug\dormitorymanager.obj
f:\c++\dormitorymanager\x64\debug\dormitorymanager.exe
f:\c++\dormitorymanager\dormitorymanager\x64\debug\dormitorymanager.ilk
f:\c++\dormitorymanager\x64\debug\dormitorymanager.pdb
f:\c++\dormitorymanager\dormitorymanager\x64\debug\dormitorymanager.res
f:\c++\dormitorymanager\dormitorymanager\x64\debug\dormitorymanager.tlog\cl.command.1.tlog
f:\c++\dormitorymanager\dormitorymanager\x64\debug\dormitorymanager.tlog\cl.read.1.tlog
f:\c++\dormitorymanager\dormitorymanager\x64\debug\dormitorymanager.tlog\cl.write.1.tlog
f:\c++\dormitorymanager\dormitorymanager\x64\debug\dormitorymanager.tlog\link.command.1.tlog
f:\c++\dormitorymanager\dormitorymanager\x64\debug\dormitorymanager.tlog\link.read.1.tlog
f:\c++\dormitorymanager\dormitorymanager\x64\debug\dormitorymanager.tlog\link.write.1.tlog
f:\c++\dormitorymanager\dormitorymanager\x64\debug\dormitorymanager.tlog\rc.command.1.tlog
f:\c++\dormitorymanager\dormitorymanager\x64\debug\dormitorymanager.tlog\rc.read.1.tlog
f:\c++\dormitorymanager\dormitorymanager\x64\debug\dormitorymanager.tlog\rc.write.1.tlog
